<?xml version="1.0" encoding="UTF-8"?>
<!-- Generated by org.testng.reporters.JUnitXMLReporter -->
<testsuite ignored="0" hostname="Richys-MacBook-Air.local" failures="0" tests="1" name="Windows Chrome Test" time="0.18" errors="0" timestamp="2025-06-19T22:57:46 IST">
  <testcase classname="Tests.BaseTest" name="@BeforeMethod setUp" time="-1.750354066257E9">
    <failure type="org.testng.TestNGException" message="
Parameter &amp;apos;deviceConfig&amp;apos; is required by BeforeMethod on method setUp but has not been marked @Optional or defined
in /Users/Ricchy/eclipse-workspace/WAT_project/testng.xml">
      <![CDATA[org.testng.TestNGException: 
Parameter 'deviceConfig' is required by BeforeMethod on method setUp but has not been marked @Optional or defined
in /Users/Ricchy/eclipse-workspace/WAT_project/testng.xml
at java.base/java.util.ArrayList.forEach(ArrayList.java:1596)
at java.base/java.util.concurrent.FutureTask.run(FutureTask.java:317)
at java.base/java.util.concurrent.ThreadPoolExecutor.runWorker(ThreadPoolExecutor.java:1144)
at java.base/java.util.concurrent.ThreadPoolExecutor$Worker.run(ThreadPoolExecutor.java:642)
at java.base/java.lang.Thread.run(Thread.java:1583)
... Removed 18 stack frames]]>
    </failure>
  </testcase> <!-- @BeforeMethod setUp -->
  <testcase classname="Tests.BaseTest" name="@BeforeMethod setUp" time="-1.750354066256E9">
    <failure type="org.testng.TestNGException" message="
Parameter &amp;apos;deviceConfig&amp;apos; is required by BeforeMethod on method setUp but has not been marked @Optional or defined
in /Users/Ricchy/eclipse-workspace/WAT_project/testng.xml">
      <![CDATA[org.testng.TestNGException: 
Parameter 'deviceConfig' is required by BeforeMethod on method setUp but has not been marked @Optional or defined
in /Users/Ricchy/eclipse-workspace/WAT_project/testng.xml
at java.base/java.util.ArrayList.forEach(ArrayList.java:1596)
at java.base/java.util.concurrent.FutureTask.run(FutureTask.java:317)
at java.base/java.util.concurrent.ThreadPoolExecutor.runWorker(ThreadPoolExecutor.java:1144)
at java.base/java.util.concurrent.ThreadPoolExecutor$Worker.run(ThreadPoolExecutor.java:642)
at java.base/java.lang.Thread.run(Thread.java:1583)
... Removed 18 stack frames]]>
    </failure>
  </testcase> <!-- @BeforeMethod setUp -->
  <testcase classname="Tests.WordCounter" name="WordCounting" time="0.0">
    <skipped/>
  </testcase> <!-- WordCounting -->
</testsuite> <!-- Windows Chrome Test -->
